<?xml version="1.0" encoding="UTF-8"?>
<!-- Generated by org.testng.reporters.JUnitXMLReporter -->
<testsuite hostname="User" ignored="0" name="Test" tests="4" failures="0" timestamp="01 Aug 2019 06:32:26 GMT" time="0.168" errors="0">
  <testcase name="BrowserAutomation" time="0.034" classname="qaclickacademy.SeleniumTest"/>
  <testcase name="ElementsUI" time="0.001" classname="qaclickacademy.SeleniumTest"/>
  <testcase name="DeleteTwitter" time="0.0" classname="qaclickacademy.RestAPITest"/>
  <testcase name="PostJira" time="0.0" classname="qaclickacademy.RestAPITest"/>
</testsuite> <!-- Test -->
