<?xml version="1.0" encoding="UTF-8"?>
<testng-results skipped="0" failed="0" ignored="0" total="4" passed="4">
  <reporter-output>
  </reporter-output>
  <suite name="Suite" duration-ms="168" started-at="2019-08-01T06:32:25Z" finished-at="2019-08-01T06:32:26Z">
    <groups>
    </groups>
    <test name="Test" duration-ms="168" started-at="2019-08-01T06:32:25Z" finished-at="2019-08-01T06:32:26Z">
      <class name="qaclickacademy.RestAPITest">
        <test-method status="PASS" signature="DeleteTwitter()[pri:0, instance:qaclickacademy.RestAPITest@b97c004]" name="DeleteTwitter" duration-ms="0" started-at="2019-08-01T06:32:26Z" finished-at="2019-08-01T06:32:26Z">
          <reporter-output>
          </reporter-output>
        </test-method> <!-- DeleteTwitter -->
        <test-method status="PASS" signature="PostJira()[pri:0, instance:qaclickacademy.RestAPITest@b97c004]" name="PostJira" duration-ms="0" started-at="2019-08-01T06:32:26Z" finished-at="2019-08-01T06:32:26Z">
          <reporter-output>
          </reporter-output>
        </test-method> <!-- PostJira -->
      </class> <!-- qaclickacademy.RestAPITest -->
      <class name="qaclickacademy.SeleniumTest">
        <test-method status="PASS" signature="BrowserAutomation()[pri:0, instance:qaclickacademy.SeleniumTest@5cc7c2a6]" name="BrowserAutomation" duration-ms="34" started-at="2019-08-01T06:32:26Z" finished-at="2019-08-01T06:32:26Z">
          <reporter-output>
          </reporter-output>
        </test-method> <!-- BrowserAutomation -->
        <test-method status="PASS" signature="ElementsUI()[pri:0, instance:qaclickacademy.SeleniumTest@5cc7c2a6]" name="ElementsUI" duration-ms="1" started-at="2019-08-01T06:32:26Z" finished-at="2019-08-01T06:32:26Z">
          <reporter-output>
          </reporter-output>
        </test-method> <!-- ElementsUI -->
      </class> <!-- qaclickacademy.SeleniumTest -->
    </test> <!-- Test -->
  </suite> <!-- Suite -->
</testng-results>
